C51 COMPILER V9.54   MAIN                                                                  10/25/2024 21:05:38 PAGE 1   


C51 COMPILER V9.54, COMPILATION OF MODULE MAIN
OBJECT MODULE PLACED IN .\Objects\main.obj
COMPILER INVOKED BY: E:\Keil5\C51\BIN\C51.EXE main.c OPTIMIZE(8,SPEED) BROWSE DEBUG OBJECTEXTEND PRINT(.\Listings\main.l
                    -st) OBJECT(.\Objects\main.obj)

line level    source

   1          #include <REGX52.H>
   2          #include "Delay.h"
   3          
   4          #define uchar unsigned char
   5          #define uint unsigned int
   6          
   7          uchar count;
   8          uchar Byte = 0x55;
   9          
  10          void Timer0_Isr(void) interrupt 1
  11          {       
  12   1              TL0 = 0x87;                             //设置定时初始值
  13   1              TH0 = 0xFE;                             //设置定时初始值
  14   1      ////    P2 = 0;
  15   1              if(count == 0)                                  //起始位
  16   1              {
  17   2                      TXD = 0;
  18   2                      count++;
  19   2              }
  20   1              else if(count == 9)                                     //终止位及重置
  21   1              {
  22   2      //              P2 = 0;
  23   2                      TR0 = 0;
  24   2                      TXD = 1;
  25   2                      count = 0;
  26   2              }
  27   1              else                                                    //1-8位对应count1-8
  28   1              {
  29   2                      TXD = Byte & (0x01 << (count - 1));
  30   2                      count++;
  31   2              }
  32   1      //      P2_1=~P2_1;
  33   1      }
  34          
  35          void Timer0_Init(void)          //      微秒@11.0592MHz
  36          {
  37   1              TMOD &= 0xF0;                   //设置定时器模式
  38   1              TMOD |= 0x01;                   //设置定时器模式
  39   1              TL0 = 0x87;                             //设置定时初始值
  40   1              TH0 = 0xFE;                             //设置定时初始值
  41   1              TF0 = 0;                                //清除TF0标志
  42   1              TR0 = 0;                                //定时器0开始计时
  43   1              ET0 = 1;                                //使能定时器0中断
  44   1      
  45   1              EA = 1;
  46   1      }
  47          
  48          
  49          
  50          
  51          //void Uart_Init(void)  //9600bps@11.0592MHz
  52          //{
  53          //      PCON &= 0x7F;           //??????
  54          //      SCON = 0x50;            //8???,?????
C51 COMPILER V9.54   MAIN                                                                  10/25/2024 21:05:38 PAGE 2   

  55          //      TMOD &= 0x0F;           //???????
  56          //      TMOD |= 0x20;           //???????
  57          //      TL1 = 0xFD;                     //???????
  58          //      TH1 = 0xFD;                     //???????
  59          //      ET1 = 0;                        //???????
  60          //      TR1 = 0;                        //???1????
  61          //}
  62          
  63          //void SendByte(uchar Byte)
  64          //{
  65          //      TXD = 0;
  66          //      for(i = 0; i < 8; i++)
  67          //      {
  68          //              TXD = Byte & (0x80 >> i);
  69          //      }
  70          //      TXD = 1;
  71          //}
  72          
  73          void main()
  74          {
  75   1      //      Uart_Init();
  76   1              Timer0_Init();
  77   1              TXD = 1;
  78   1              while(1)
  79   1              {
  80   2                      if(P3_3 == 0)
  81   2                      {
  82   3                              Delay(20);              
  83   3                              while(P3_3 == 0);       
  84   3                              Delay(20);      
  85   3                              
  86   3                              TR0 = 1;
  87   3                      }
  88   2                      
  89   2              }
  90   1      }


MODULE INFORMATION:   STATIC OVERLAYABLE
   CODE SIZE        =    134    ----
   CONSTANT SIZE    =   ----    ----
   XDATA SIZE       =   ----    ----
   PDATA SIZE       =   ----    ----
   DATA SIZE        =      2    ----
   IDATA SIZE       =   ----    ----
   BIT SIZE         =   ----    ----
END OF MODULE INFORMATION.


C51 COMPILATION COMPLETE.  0 WARNING(S),  0 ERROR(S)
